[20-Jan-2022 00:32:24 UTC] PHP Warning:  Undefined property: stdClass::$thank_you_url in C:\xampp\htdocs\themes\widgy\views\partials\notifications\emoji_feedback.php on line 101
[20-Jan-2022 00:32:24 UTC] PHP Warning:  Undefined property: stdClass::$thank_you_url in C:\xampp\htdocs\themes\widgy\views\partials\notifications\score_feedback.php on line 86
[20-Jan-2022 00:32:24 UTC] PHP Warning:  Undefined property: stdClass::$thank_you_url in C:\xampp\htdocs\plugins\pro-notifications\views\partials\notifications\text_feedback.php on line 88
[26-Jan-2022 14:39:57 UTC] PHP Warning:  Undefined property: stdClass::$thank_you_url in C:\xampp\htdocs\themes\widgy\views\partials\notifications\emoji_feedback.php on line 101
[26-Jan-2022 14:39:57 UTC] PHP Warning:  Undefined property: stdClass::$thank_you_url in C:\xampp\htdocs\themes\widgy\views\partials\notifications\score_feedback.php on line 86
[26-Jan-2022 14:39:57 UTC] PHP Warning:  Undefined property: stdClass::$thank_you_url in C:\xampp\htdocs\plugins\pro-notifications\views\partials\notifications\text_feedback.php on line 88
[26-Jan-2022 14:43:18 UTC] PHP Warning:  Undefined property: stdClass::$thank_you_url in C:\xampp\htdocs\themes\widgy\views\partials\notifications\emoji_feedback.php on line 101
[26-Jan-2022 14:43:18 UTC] PHP Warning:  Undefined property: stdClass::$thank_you_url in C:\xampp\htdocs\themes\widgy\views\partials\notifications\score_feedback.php on line 86
[26-Jan-2022 14:43:18 UTC] PHP Warning:  Undefined property: stdClass::$thank_you_url in C:\xampp\htdocs\plugins\pro-notifications\views\partials\notifications\text_feedback.php on line 88
[26-Jan-2022 14:43:26 UTC] PHP Warning:  Undefined property: stdClass::$in_between_delay in C:\xampp\htdocs\themes\widgy\views\notification\settings\settings.latest_conversion.method.php on line 75
[26-Jan-2022 14:46:51 UTC] PHP Warning:  Undefined property: stdClass::$thank_you_url in C:\xampp\htdocs\themes\widgy\views\partials\notifications\emoji_feedback.php on line 101
[26-Jan-2022 14:46:51 UTC] PHP Warning:  Undefined property: stdClass::$thank_you_url in C:\xampp\htdocs\themes\widgy\views\partials\notifications\score_feedback.php on line 86
[26-Jan-2022 14:46:51 UTC] PHP Warning:  Undefined property: stdClass::$thank_you_url in C:\xampp\htdocs\plugins\pro-notifications\views\partials\notifications\text_feedback.php on line 88
[26-Jan-2022 14:47:05 UTC] PHP Warning:  Undefined property: stdClass::$in_between_delay in C:\xampp\htdocs\themes\widgy\views\notification\settings\settings.random_review.method.php on line 49
[26-Jan-2022 14:48:08 UTC] PHP Warning:  Undefined property: stdClass::$thank_you_url in C:\xampp\htdocs\themes\widgy\views\partials\notifications\emoji_feedback.php on line 101
[26-Jan-2022 14:48:08 UTC] PHP Warning:  Undefined property: stdClass::$thank_you_url in C:\xampp\htdocs\themes\widgy\views\partials\notifications\score_feedback.php on line 86
[26-Jan-2022 14:48:08 UTC] PHP Warning:  Undefined property: stdClass::$thank_you_url in C:\xampp\htdocs\plugins\pro-notifications\views\partials\notifications\text_feedback.php on line 88
[26-Jan-2022 14:48:17 UTC] PHP Warning:  Undefined property: stdClass::$in_between_delay in C:\xampp\htdocs\themes\widgy\views\notification\settings\settings.latest_conversion.method.php on line 75
[26-Jan-2022 14:49:03 UTC] PHP Warning:  Undefined property: stdClass::$image_alt in C:\xampp\htdocs\themes\widgy\views\notification\settings\settings.latest_conversion.method.php on line 39
[26-Jan-2022 14:49:03 UTC] PHP Warning:  Undefined property: stdClass::$url_new_tab in C:\xampp\htdocs\themes\widgy\views\notification\settings\settings.latest_conversion.method.php on line 57
[26-Jan-2022 14:49:03 UTC] PHP Warning:  Undefined property: stdClass::$in_between_delay in C:\xampp\htdocs\themes\widgy\views\notification\settings\settings.latest_conversion.method.php on line 75
[26-Jan-2022 14:49:11 UTC] PHP Warning:  Undefined property: stdClass::$image_alt in C:\xampp\htdocs\themes\widgy\views\notification\settings\settings.latest_conversion.method.php on line 39
[26-Jan-2022 14:49:11 UTC] PHP Warning:  Undefined property: stdClass::$url_new_tab in C:\xampp\htdocs\themes\widgy\views\notification\settings\settings.latest_conversion.method.php on line 57
[26-Jan-2022 14:49:11 UTC] PHP Warning:  Undefined property: stdClass::$in_between_delay in C:\xampp\htdocs\themes\widgy\views\notification\settings\settings.latest_conversion.method.php on line 75
[26-Jan-2022 14:50:01 UTC] PHP Warning:  Undefined property: stdClass::$thank_you_url in C:\xampp\htdocs\themes\widgy\views\partials\notifications\emoji_feedback.php on line 101
[26-Jan-2022 14:50:01 UTC] PHP Warning:  Undefined property: stdClass::$thank_you_url in C:\xampp\htdocs\themes\widgy\views\partials\notifications\score_feedback.php on line 86
[26-Jan-2022 14:50:01 UTC] PHP Warning:  Undefined property: stdClass::$thank_you_url in C:\xampp\htdocs\plugins\pro-notifications\views\partials\notifications\text_feedback.php on line 88
[26-Jan-2022 14:51:20 UTC] PHP Warning:  Undefined property: stdClass::$image_alt in C:\xampp\htdocs\themes\widgy\views\notification\settings\settings.latest_conversion.method.php on line 39
[26-Jan-2022 14:51:20 UTC] PHP Warning:  Undefined property: stdClass::$url_new_tab in C:\xampp\htdocs\themes\widgy\views\notification\settings\settings.latest_conversion.method.php on line 57
[26-Jan-2022 14:51:20 UTC] PHP Warning:  Undefined property: stdClass::$in_between_delay in C:\xampp\htdocs\themes\widgy\views\notification\settings\settings.latest_conversion.method.php on line 75
[26-Jan-2022 14:51:31 UTC] PHP Warning:  Undefined property: stdClass::$thank_you_url in C:\xampp\htdocs\themes\widgy\views\partials\notifications\emoji_feedback.php on line 101
[26-Jan-2022 14:51:31 UTC] PHP Warning:  Undefined property: stdClass::$thank_you_url in C:\xampp\htdocs\themes\widgy\views\partials\notifications\score_feedback.php on line 86
[26-Jan-2022 14:51:31 UTC] PHP Warning:  Undefined property: stdClass::$thank_you_url in C:\xampp\htdocs\plugins\pro-notifications\views\partials\notifications\text_feedback.php on line 88
[26-Jan-2022 14:53:27 UTC] PHP Warning:  Undefined property: stdClass::$thank_you_url in C:\xampp\htdocs\themes\widgy\views\partials\notifications\emoji_feedback.php on line 101
[26-Jan-2022 14:53:27 UTC] PHP Warning:  Undefined property: stdClass::$thank_you_url in C:\xampp\htdocs\themes\widgy\views\partials\notifications\score_feedback.php on line 86
[26-Jan-2022 14:53:27 UTC] PHP Warning:  Undefined property: stdClass::$thank_you_url in C:\xampp\htdocs\plugins\pro-notifications\views\partials\notifications\text_feedback.php on line 88
[26-Jan-2022 14:54:58 UTC] PHP Warning:  Undefined property: stdClass::$thank_you_url in C:\xampp\htdocs\themes\widgy\views\partials\notifications\emoji_feedback.php on line 101
[26-Jan-2022 14:54:58 UTC] PHP Warning:  Undefined property: stdClass::$thank_you_url in C:\xampp\htdocs\themes\widgy\views\partials\notifications\score_feedback.php on line 86
[26-Jan-2022 14:54:58 UTC] PHP Warning:  Undefined property: stdClass::$thank_you_url in C:\xampp\htdocs\plugins\pro-notifications\views\partials\notifications\text_feedback.php on line 88
[26-Jan-2022 14:55:38 UTC] PHP Warning:  Attempt to read property "name" on null in C:\xampp\htdocs\themes\widgy\views\wrapper.php on line 301
[26-Jan-2022 14:56:15 UTC] PHP Warning:  Undefined property: stdClass::$thank_you_url in C:\xampp\htdocs\themes\widgy\views\partials\notifications\emoji_feedback.php on line 101
[26-Jan-2022 14:56:15 UTC] PHP Warning:  Undefined property: stdClass::$thank_you_url in C:\xampp\htdocs\themes\widgy\views\partials\notifications\score_feedback.php on line 86
[26-Jan-2022 14:56:15 UTC] PHP Warning:  Undefined property: stdClass::$thank_you_url in C:\xampp\htdocs\plugins\pro-notifications\views\partials\notifications\text_feedback.php on line 88
[26-Jan-2022 14:57:48 UTC] PHP Warning:  Undefined property: stdClass::$thank_you_url in C:\xampp\htdocs\themes\widgy\views\partials\notifications\emoji_feedback.php on line 101
[26-Jan-2022 14:57:48 UTC] PHP Warning:  Undefined property: stdClass::$thank_you_url in C:\xampp\htdocs\themes\widgy\views\partials\notifications\score_feedback.php on line 86
[26-Jan-2022 14:57:48 UTC] PHP Warning:  Undefined property: stdClass::$thank_you_url in C:\xampp\htdocs\plugins\pro-notifications\views\partials\notifications\text_feedback.php on line 88
[26-Jan-2022 14:59:17 UTC] PHP Warning:  Undefined property: stdClass::$thank_you_url in C:\xampp\htdocs\themes\widgy\views\partials\notifications\emoji_feedback.php on line 101
[26-Jan-2022 14:59:17 UTC] PHP Warning:  Undefined property: stdClass::$thank_you_url in C:\xampp\htdocs\themes\widgy\views\partials\notifications\score_feedback.php on line 86
[26-Jan-2022 14:59:17 UTC] PHP Warning:  Undefined property: stdClass::$thank_you_url in C:\xampp\htdocs\plugins\pro-notifications\views\partials\notifications\text_feedback.php on line 88
[26-Jan-2022 15:11:02 UTC] PHP Warning:  Undefined property: stdClass::$thank_you_url in C:\xampp\htdocs\themes\widgy\views\partials\notifications\emoji_feedback.php on line 101
[26-Jan-2022 15:11:02 UTC] PHP Warning:  Undefined property: stdClass::$thank_you_url in C:\xampp\htdocs\themes\widgy\views\partials\notifications\score_feedback.php on line 86
[26-Jan-2022 15:11:02 UTC] PHP Warning:  Undefined property: stdClass::$thank_you_url in C:\xampp\htdocs\plugins\pro-notifications\views\partials\notifications\text_feedback.php on line 88
[26-Jan-2022 15:12:36 UTC] PHP Warning:  Undefined property: stdClass::$thank_you_url in C:\xampp\htdocs\themes\widgy\views\partials\notifications\emoji_feedback.php on line 101
[26-Jan-2022 15:12:36 UTC] PHP Warning:  Undefined property: stdClass::$thank_you_url in C:\xampp\htdocs\themes\widgy\views\partials\notifications\score_feedback.php on line 86
[26-Jan-2022 15:12:36 UTC] PHP Warning:  Undefined property: stdClass::$thank_you_url in C:\xampp\htdocs\plugins\pro-notifications\views\partials\notifications\text_feedback.php on line 88
[26-Jan-2022 15:14:42 UTC] PHP Warning:  Undefined property: stdClass::$thank_you_url in C:\xampp\htdocs\themes\widgy\views\partials\notifications\emoji_feedback.php on line 101
[26-Jan-2022 15:14:42 UTC] PHP Warning:  Undefined property: stdClass::$thank_you_url in C:\xampp\htdocs\themes\widgy\views\partials\notifications\score_feedback.php on line 86
[26-Jan-2022 15:14:42 UTC] PHP Warning:  Undefined property: stdClass::$thank_you_url in C:\xampp\htdocs\plugins\pro-notifications\views\partials\notifications\text_feedback.php on line 88
[26-Jan-2022 15:16:32 UTC] PHP Warning:  Undefined property: stdClass::$thank_you_url in C:\xampp\htdocs\themes\widgy\views\partials\notifications\emoji_feedback.php on line 101
[26-Jan-2022 15:16:32 UTC] PHP Warning:  Undefined property: stdClass::$thank_you_url in C:\xampp\htdocs\themes\widgy\views\partials\notifications\score_feedback.php on line 86
[26-Jan-2022 15:16:32 UTC] PHP Warning:  Undefined property: stdClass::$thank_you_url in C:\xampp\htdocs\plugins\pro-notifications\views\partials\notifications\text_feedback.php on line 88
[26-Jan-2022 15:18:35 UTC] PHP Warning:  Undefined property: stdClass::$thank_you_url in C:\xampp\htdocs\themes\widgy\views\partials\notifications\emoji_feedback.php on line 101
[26-Jan-2022 15:18:35 UTC] PHP Warning:  Undefined property: stdClass::$thank_you_url in C:\xampp\htdocs\themes\widgy\views\partials\notifications\score_feedback.php on line 86
[26-Jan-2022 15:18:35 UTC] PHP Warning:  Undefined property: stdClass::$thank_you_url in C:\xampp\htdocs\plugins\pro-notifications\views\partials\notifications\text_feedback.php on line 88
[11-Feb-2022 01:24:49 UTC] PHP Warning:  Undefined property: stdClass::$thank_you_url in C:\xampp\htdocs\themes\widgy\views\partials\notifications\emoji_feedback.php on line 101
[11-Feb-2022 01:24:49 UTC] PHP Warning:  Undefined property: stdClass::$thank_you_url in C:\xampp\htdocs\themes\widgy\views\partials\notifications\score_feedback.php on line 86
[11-Feb-2022 01:24:49 UTC] PHP Warning:  Undefined property: stdClass::$thank_you_url in C:\xampp\htdocs\plugins\pro-notifications\views\partials\notifications\text_feedback.php on line 88
[11-Feb-2022 01:29:25 UTC] PHP Warning:  Undefined property: stdClass::$thank_you_url in C:\xampp\htdocs\themes\widgy\views\partials\notifications\emoji_feedback.php on line 101
[11-Feb-2022 01:29:25 UTC] PHP Warning:  Undefined property: stdClass::$thank_you_url in C:\xampp\htdocs\themes\widgy\views\partials\notifications\score_feedback.php on line 86
[11-Feb-2022 01:29:25 UTC] PHP Warning:  Undefined property: stdClass::$thank_you_url in C:\xampp\htdocs\plugins\pro-notifications\views\partials\notifications\text_feedback.php on line 88
[11-Feb-2022 01:29:27 UTC] PHP Warning:  Undefined property: stdClass::$thank_you_url in C:\xampp\htdocs\themes\widgy\views\partials\notifications\emoji_feedback.php on line 101
[11-Feb-2022 01:29:27 UTC] PHP Warning:  Undefined property: stdClass::$thank_you_url in C:\xampp\htdocs\themes\widgy\views\partials\notifications\score_feedback.php on line 86
[11-Feb-2022 01:29:27 UTC] PHP Warning:  Undefined property: stdClass::$thank_you_url in C:\xampp\htdocs\plugins\pro-notifications\views\partials\notifications\text_feedback.php on line 88
[11-Feb-2022 01:32:12 UTC] PHP Warning:  Undefined property: stdClass::$thank_you_url in C:\xampp\htdocs\themes\widgy\views\partials\notifications\emoji_feedback.php on line 101
[11-Feb-2022 01:32:12 UTC] PHP Warning:  Undefined property: stdClass::$thank_you_url in C:\xampp\htdocs\themes\widgy\views\partials\notifications\score_feedback.php on line 86
[11-Feb-2022 01:32:12 UTC] PHP Warning:  Undefined property: stdClass::$thank_you_url in C:\xampp\htdocs\plugins\pro-notifications\views\partials\notifications\text_feedback.php on line 88
[11-Feb-2022 01:38:18 UTC] PHP Warning:  Undefined property: stdClass::$thank_you_url in C:\xampp\htdocs\themes\widgy\views\partials\notifications\emoji_feedback.php on line 101
[11-Feb-2022 01:38:18 UTC] PHP Warning:  Undefined property: stdClass::$thank_you_url in C:\xampp\htdocs\themes\widgy\views\partials\notifications\score_feedback.php on line 86
[11-Feb-2022 01:38:18 UTC] PHP Warning:  Undefined property: stdClass::$thank_you_url in C:\xampp\htdocs\plugins\pro-notifications\views\partials\notifications\text_feedback.php on line 88
[11-Feb-2022 01:45:59 UTC] PHP Warning:  Undefined property: stdClass::$thank_you_url in C:\xampp\htdocs\themes\widgy\views\partials\notifications\emoji_feedback.php on line 101
[11-Feb-2022 01:45:59 UTC] PHP Warning:  Undefined property: stdClass::$thank_you_url in C:\xampp\htdocs\themes\widgy\views\partials\notifications\score_feedback.php on line 86
[11-Feb-2022 01:45:59 UTC] PHP Warning:  Undefined property: stdClass::$thank_you_url in C:\xampp\htdocs\plugins\pro-notifications\views\partials\notifications\text_feedback.php on line 88
[11-Feb-2022 02:56:39 Europe/Berlin] PHP Fatal error:  Uncaught Error: Undefined constant "Altum\CACHE" in C:\xampp\htdocs\app\helpers\Cache.php:19
Stack trace:
#0 C:\xampp\htdocs\app\core\App.php(63): Altum\Cache::initialize()
#1 C:\xampp\htdocs\index.php(14): Altum\App->__construct()
#2 {main}
  thrown in C:\xampp\htdocs\app\helpers\Cache.php on line 19
[11-Feb-2022 03:03:35 Europe/Berlin] PHP Fatal error:  Uncaught Error: Undefined constant "Altum\CACHE" in C:\xampp\htdocs\app\helpers\Cache.php:19
Stack trace:
#0 C:\xampp\htdocs\app\core\App.php(63): Altum\Cache::initialize()
#1 C:\xampp\htdocs\index.php(14): Altum\App->__construct()
#2 {main}
  thrown in C:\xampp\htdocs\app\helpers\Cache.php on line 19
[11-Feb-2022 03:03:49 Europe/Berlin] PHP Fatal error:  Uncaught Error: Undefined constant "Altum\CACHE" in C:\xampp\htdocs\app\helpers\Cache.php:19
Stack trace:
#0 C:\xampp\htdocs\app\core\App.php(63): Altum\Cache::initialize()
#1 C:\xampp\htdocs\index.php(14): Altum\App->__construct()
#2 {main}
  thrown in C:\xampp\htdocs\app\helpers\Cache.php on line 19
[11-Feb-2022 03:08:02 Europe/Berlin] PHP Fatal error:  Uncaught Error: Undefined constant "Altum\CACHE" in C:\xampp\htdocs\app\helpers\Cache.php:19
Stack trace:
#0 C:\xampp\htdocs\app\core\App.php(63): Altum\Cache::initialize()
#1 C:\xampp\htdocs\index.php(14): Altum\App->__construct()
#2 {main}
  thrown in C:\xampp\htdocs\app\helpers\Cache.php on line 19
[11-Feb-2022 03:10:11 Europe/Berlin] PHP Fatal error:  Uncaught Error: Undefined constant "Altum\CACHE" in C:\xampp\htdocs\app\helpers\Cache.php:19
Stack trace:
#0 C:\xampp\htdocs\app\core\App.php(63): Altum\Cache::initialize()
#1 C:\xampp\htdocs\index.php(14): Altum\App->__construct()
#2 {main}
  thrown in C:\xampp\htdocs\app\helpers\Cache.php on line 19
[11-Feb-2022 03:10:16 Europe/Berlin] PHP Fatal error:  Uncaught Error: Undefined constant "Altum\CACHE" in C:\xampp\htdocs\app\helpers\Cache.php:19
Stack trace:
#0 C:\xampp\htdocs\app\core\App.php(63): Altum\Cache::initialize()
#1 C:\xampp\htdocs\index.php(14): Altum\App->__construct()
#2 {main}
  thrown in C:\xampp\htdocs\app\helpers\Cache.php on line 19
[11-Feb-2022 03:10:29 Europe/Berlin] PHP Fatal error:  Uncaught Error: Undefined constant "Altum\CACHE" in C:\xampp\htdocs\app\helpers\Cache.php:19
Stack trace:
#0 C:\xampp\htdocs\app\core\App.php(63): Altum\Cache::initialize()
#1 C:\xampp\htdocs\index.php(14): Altum\App->__construct()
#2 {main}
  thrown in C:\xampp\htdocs\app\helpers\Cache.php on line 19
[11-Feb-2022 03:21:53 Europe/Berlin] PHP Fatal error:  Uncaught Error: Undefined constant "Altum\CACHE" in C:\xampp\htdocs\app\helpers\Cache.php:19
Stack trace:
#0 C:\xampp\htdocs\app\core\App.php(63): Altum\Cache::initialize()
#1 C:\xampp\htdocs\index.php(14): Altum\App->__construct()
#2 {main}
  thrown in C:\xampp\htdocs\app\helpers\Cache.php on line 19
[11-Feb-2022 03:26:30 Europe/Berlin] PHP Fatal error:  Uncaught Error: Undefined constant "Altum\CACHE" in C:\xampp\htdocs\app\helpers\Cache.php:19
Stack trace:
#0 C:\xampp\htdocs\app\core\App.php(63): Altum\Cache::initialize()
#1 C:\xampp\htdocs\index.php(14): Altum\App->__construct()
#2 {main}
  thrown in C:\xampp\htdocs\app\helpers\Cache.php on line 19
[19-Feb-2022 04:39:29 Europe/Berlin] PHP Warning:  Undefined property: stdClass::$default_language in C:\xampp\htdocs\app\core\App.php on line 70
[19-Feb-2022 04:39:29 Europe/Berlin] PHP Warning:  Undefined property: stdClass::$default_theme_style in C:\xampp\htdocs\app\core\App.php on line 73
[19-Feb-2022 04:39:29 Europe/Berlin] PHP Warning:  Undefined property: stdClass::$title in C:\xampp\htdocs\app\core\App.php on line 76
[19-Feb-2022 03:39:30 UTC] PHP Fatal error:  Uncaught Error: Access to undeclared static property Altum\Language::$language_code in C:\xampp\htdocs\themes\widgy\views\partials\plans.php:111
Stack trace:
#0 C:\xampp\htdocs\app\core\View.php(35): require()
#1 C:\xampp\htdocs\app\controllers\Index.php(32): Altum\Views\View->run(Object(stdClass))
#2 [internal function]: Altum\Controllers\Index->index()
#3 C:\xampp\htdocs\app\core\App.php(177): call_user_func_array(Array, Array)
#4 C:\xampp\htdocs\index.php(17): Altum\App->__construct()
#5 {main}
  thrown in C:\xampp\htdocs\themes\widgy\views\partials\plans.php on line 111
